<?xml version="1.0" encoding="UTF-8"?>
<robot generator="Robot 7.3.2 (Python 3.13.9 on win32)" generated="2025-10-15T14:45:24.628315" rpa="false" schemaversion="5">
<suite id="s1" name="Test1" source="E:\Codigos - Fora Nuvem\labs-robot\tests\test1.robot">
<kw name="Abrir site" owner="resource1" type="SETUP">
<kw name="Open Browser" owner="SeleniumLibrary">
<msg time="2025-10-15T14:45:24.802370" level="INFO">Opening browser 'chrome' to base url 'https://www.amazon.com.br'.</msg>
<arg>${URL}</arg>
<arg>${BROWSER}</arg>
<doc>Opens a new browser instance to the optional ``url``.</doc>
<status status="PASS" start="2025-10-15T14:45:24.802182" elapsed="2.555856"/>
</kw>
<kw name="Maximize Browser Window" owner="SeleniumLibrary">
<doc>Maximizes current browser window.</doc>
<status status="PASS" start="2025-10-15T14:45:27.358400" elapsed="0.155269"/>
</kw>
<kw name="Wait Until Element Is Visible" owner="SeleniumLibrary">
<arg>${SEARCH_BOX}</arg>
<arg>${DEFAULT_TIMEOUT}</arg>
<doc>Waits until the element ``locator`` is visible.</doc>
<status status="PASS" start="2025-10-15T14:45:27.513984" elapsed="0.147209"/>
</kw>
<status status="PASS" start="2025-10-15T14:45:24.801727" elapsed="2.859605"/>
</kw>
<test id="s1-t1" name="Abrir home" line="10">
<kw name="Wait Until Element Is Visible" owner="SeleniumLibrary">
<arg>${SEARCH_BOX}</arg>
<arg>${DEFAULT_TIMEOUT}</arg>
<doc>Waits until the element ``locator`` is visible.</doc>
<status status="PASS" start="2025-10-15T14:45:27.661931" elapsed="0.017788"/>
</kw>
<kw name="Capture Page Screenshot" owner="SeleniumLibrary" type="TEARDOWN">
<msg time="2025-10-15T14:45:28.789629" level="INFO" html="true">&lt;/td&gt;&lt;/tr&gt;&lt;tr&gt;&lt;td colspan="3"&gt;&lt;a href="selenium-screenshot-56.png"&gt;&lt;img src="selenium-screenshot-56.png" width="800px"&gt;&lt;/a&gt;</msg>
<doc>Takes a screenshot of the current page and embeds it into a log file.</doc>
<status status="PASS" start="2025-10-15T14:45:27.680344" elapsed="1.109430"/>
</kw>
<tag>smoke</tag>
<status status="PASS" start="2025-10-15T14:45:27.661429" elapsed="1.128558"/>
</test>
<test id="s1-t2" name="Buscar: Celulares" line="14">
<kw name="Pesquisar termo" owner="resource1">
<kw name="Wait Until Element Is Visible" owner="SeleniumLibrary">
<arg>${SEARCH_BOX}</arg>
<arg>${DEFAULT_TIMEOUT}</arg>
<doc>Waits until the element ``locator`` is visible.</doc>
<status status="PASS" start="2025-10-15T14:45:28.791236" elapsed="0.017013"/>
</kw>
<kw name="Clear Element Text" owner="SeleniumLibrary">
<arg>${SEARCH_BOX}</arg>
<doc>Clears the value of the text-input-element identified by ``locator``.</doc>
<status status="PASS" start="2025-10-15T14:45:28.808423" elapsed="0.040719"/>
</kw>
<kw name="Input Text" owner="SeleniumLibrary">
<msg time="2025-10-15T14:45:28.849564" level="INFO">Typing text 'Celulares' into text field 'id:twotabsearchtextbox'.</msg>
<arg>${SEARCH_BOX}</arg>
<arg>${termo}</arg>
<doc>Types the given ``text`` into the text field identified by ``locator``.</doc>
<status status="PASS" start="2025-10-15T14:45:28.849320" elapsed="0.102706"/>
</kw>
<kw name="Click Button" owner="SeleniumLibrary">
<msg time="2025-10-15T14:45:28.952478" level="INFO">Clicking button 'id:nav-search-submit-button'.</msg>
<arg>${SEARCH_SUBMIT}</arg>
<doc>Clicks the button identified by ``locator``.</doc>
<status status="PASS" start="2025-10-15T14:45:28.952235" elapsed="4.873524"/>
</kw>
<arg>Celulares</arg>
<status status="PASS" start="2025-10-15T14:45:28.790982" elapsed="5.034895"/>
</kw>
<kw name="Deve exibir resultados" owner="resource1">
<kw name="Wait Until Page Contains Element" owner="SeleniumLibrary">
<arg>${RESULT_CARD}</arg>
<arg>${DEFAULT_TIMEOUT}</arg>
<doc>Waits until the element ``locator`` appears on the current page.</doc>
<status status="PASS" start="2025-10-15T14:45:33.826372" elapsed="0.008996"/>
</kw>
<kw name="Page Should Contain Element" owner="SeleniumLibrary">
<msg time="2025-10-15T14:45:33.842044" level="INFO">Current page contains element 'css:div[data-component-type="s-search-result"]'.</msg>
<arg>${RESULT_CARD}</arg>
<doc>Verifies that element ``locator`` is found on the current page.</doc>
<status status="PASS" start="2025-10-15T14:45:33.835509" elapsed="0.006655"/>
</kw>
<status status="PASS" start="2025-10-15T14:45:33.826152" elapsed="0.016115"/>
</kw>
<kw name="Capture Page Screenshot" owner="SeleniumLibrary" type="TEARDOWN">
<msg time="2025-10-15T14:45:34.019403" level="INFO" html="true">&lt;/td&gt;&lt;/tr&gt;&lt;tr&gt;&lt;td colspan="3"&gt;&lt;a href="selenium-screenshot-57.png"&gt;&lt;img src="selenium-screenshot-57.png" width="800px"&gt;&lt;/a&gt;</msg>
<doc>Takes a screenshot of the current page and embeds it into a log file.</doc>
<status status="PASS" start="2025-10-15T14:45:33.842589" elapsed="0.176918"/>
</kw>
<tag>busca</tag>
<status status="PASS" start="2025-10-15T14:45:28.790522" elapsed="5.229166"/>
</test>
<test id="s1-t3" name="Buscar: Notebooks" line="19">
<kw name="Pesquisar termo" owner="resource1">
<kw name="Wait Until Element Is Visible" owner="SeleniumLibrary">
<arg>${SEARCH_BOX}</arg>
<arg>${DEFAULT_TIMEOUT}</arg>
<doc>Waits until the element ``locator`` is visible.</doc>
<status status="PASS" start="2025-10-15T14:45:34.020742" elapsed="0.015183"/>
</kw>
<kw name="Clear Element Text" owner="SeleniumLibrary">
<arg>${SEARCH_BOX}</arg>
<doc>Clears the value of the text-input-element identified by ``locator``.</doc>
<status status="PASS" start="2025-10-15T14:45:34.036092" elapsed="0.030486"/>
</kw>
<kw name="Input Text" owner="SeleniumLibrary">
<msg time="2025-10-15T14:45:34.067009" level="INFO">Typing text 'Notebooks' into text field 'id:twotabsearchtextbox'.</msg>
<arg>${SEARCH_BOX}</arg>
<arg>${termo}</arg>
<doc>Types the given ``text`` into the text field identified by ``locator``.</doc>
<status status="PASS" start="2025-10-15T14:45:34.066766" elapsed="0.058156"/>
</kw>
<kw name="Click Button" owner="SeleniumLibrary">
<msg time="2025-10-15T14:45:34.125380" level="INFO">Clicking button 'id:nav-search-submit-button'.</msg>
<arg>${SEARCH_SUBMIT}</arg>
<doc>Clicks the button identified by ``locator``.</doc>
<status status="PASS" start="2025-10-15T14:45:34.125145" elapsed="2.046842"/>
</kw>
<arg>Notebooks</arg>
<status status="PASS" start="2025-10-15T14:45:34.020538" elapsed="2.151566"/>
</kw>
<kw name="Deve exibir resultados" owner="resource1">
<kw name="Wait Until Page Contains Element" owner="SeleniumLibrary">
<arg>${RESULT_CARD}</arg>
<arg>${DEFAULT_TIMEOUT}</arg>
<doc>Waits until the element ``locator`` appears on the current page.</doc>
<status status="PASS" start="2025-10-15T14:45:36.172627" elapsed="0.006927"/>
</kw>
<kw name="Page Should Contain Element" owner="SeleniumLibrary">
<msg time="2025-10-15T14:45:36.185784" level="INFO">Current page contains element 'css:div[data-component-type="s-search-result"]'.</msg>
<arg>${RESULT_CARD}</arg>
<doc>Verifies that element ``locator`` is found on the current page.</doc>
<status status="PASS" start="2025-10-15T14:45:36.179689" elapsed="0.006152"/>
</kw>
<status status="PASS" start="2025-10-15T14:45:36.172395" elapsed="0.013511"/>
</kw>
<kw name="Capture Page Screenshot" owner="SeleniumLibrary" type="TEARDOWN">
<msg time="2025-10-15T14:45:39.160748" level="INFO" html="true">&lt;/td&gt;&lt;/tr&gt;&lt;tr&gt;&lt;td colspan="3"&gt;&lt;a href="selenium-screenshot-58.png"&gt;&lt;img src="selenium-screenshot-58.png" width="800px"&gt;&lt;/a&gt;</msg>
<doc>Takes a screenshot of the current page and embeds it into a log file.</doc>
<status status="PASS" start="2025-10-15T14:45:36.186144" elapsed="2.974711"/>
</kw>
<tag>busca</tag>
<status status="PASS" start="2025-10-15T14:45:34.020200" elapsed="5.140848"/>
</test>
<test id="s1-t4" name="Ordenar por menor preço (SSD)" line="24">
<kw name="Pesquisar termo" owner="resource1">
<kw name="Wait Until Element Is Visible" owner="SeleniumLibrary">
<arg>${SEARCH_BOX}</arg>
<arg>${DEFAULT_TIMEOUT}</arg>
<doc>Waits until the element ``locator`` is visible.</doc>
<status status="PASS" start="2025-10-15T14:45:39.162100" elapsed="0.020123"/>
</kw>
<kw name="Clear Element Text" owner="SeleniumLibrary">
<arg>${SEARCH_BOX}</arg>
<doc>Clears the value of the text-input-element identified by ``locator``.</doc>
<status status="PASS" start="2025-10-15T14:45:39.182487" elapsed="0.045352"/>
</kw>
<kw name="Input Text" owner="SeleniumLibrary">
<msg time="2025-10-15T14:45:39.228222" level="INFO">Typing text 'SSD' into text field 'id:twotabsearchtextbox'.</msg>
<arg>${SEARCH_BOX}</arg>
<arg>${termo}</arg>
<doc>Types the given ``text`` into the text field identified by ``locator``.</doc>
<status status="PASS" start="2025-10-15T14:45:39.228002" elapsed="0.051322"/>
</kw>
<kw name="Click Button" owner="SeleniumLibrary">
<msg time="2025-10-15T14:45:39.279719" level="INFO">Clicking button 'id:nav-search-submit-button'.</msg>
<arg>${SEARCH_SUBMIT}</arg>
<doc>Clicks the button identified by ``locator``.</doc>
<status status="PASS" start="2025-10-15T14:45:39.279497" elapsed="1.606995"/>
</kw>
<arg>SSD</arg>
<status status="PASS" start="2025-10-15T14:45:39.161879" elapsed="1.724731"/>
</kw>
<kw name="Deve exibir resultados" owner="resource1">
<kw name="Wait Until Page Contains Element" owner="SeleniumLibrary">
<arg>${RESULT_CARD}</arg>
<arg>${DEFAULT_TIMEOUT}</arg>
<doc>Waits until the element ``locator`` appears on the current page.</doc>
<status status="PASS" start="2025-10-15T14:45:40.887180" elapsed="0.007538"/>
</kw>
<kw name="Page Should Contain Element" owner="SeleniumLibrary">
<msg time="2025-10-15T14:45:40.900912" level="INFO">Current page contains element 'css:div[data-component-type="s-search-result"]'.</msg>
<arg>${RESULT_CARD}</arg>
<doc>Verifies that element ``locator`` is found on the current page.</doc>
<status status="PASS" start="2025-10-15T14:45:40.894876" elapsed="0.006109"/>
</kw>
<status status="PASS" start="2025-10-15T14:45:40.886927" elapsed="0.014134"/>
</kw>
<kw name="Selecionar ordenação" owner="resource1">
<kw name="Set Variable" owner="BuiltIn">
<msg time="2025-10-15T14:45:40.901739" level="INFO">${op} = Preço: Do menor para o maior</msg>
<var>${op}</var>
<arg>${opcao}</arg>
<doc>Returns the given values which can then be assigned to a variables.</doc>
<status status="PASS" start="2025-10-15T14:45:40.901592" elapsed="0.000171"/>
</kw>
<kw name="Run Keyword If" owner="BuiltIn">
<arg>'${opcao}'=='Preço: Do menor ao maior'</arg>
<arg>Set Variable</arg>
<arg>${op}</arg>
<arg>Preço: Do menor para o maior</arg>
<doc>Runs the given keyword with the given arguments, if ``condition`` is true.</doc>
<status status="PASS" start="2025-10-15T14:45:40.901858" elapsed="0.000156"/>
</kw>
<kw name="Run Keyword If" owner="BuiltIn">
<arg>'${opcao}'=='Preço: Do maior ao menor'</arg>
<arg>Set Variable</arg>
<arg>${op}</arg>
<arg>Preço: Do maior para o menor</arg>
<doc>Runs the given keyword with the given arguments, if ``condition`` is true.</doc>
<status status="PASS" start="2025-10-15T14:45:40.902105" elapsed="0.000113"/>
</kw>
<kw name="Wait Until Element Is Visible" owner="SeleniumLibrary">
<arg>xpath=//span[contains(@class,'a-button-text') and @data-action='a-dropdown-button']</arg>
<arg>${DEFAULT_TIMEOUT}</arg>
<doc>Waits until the element ``locator`` is visible.</doc>
<status status="PASS" start="2025-10-15T14:45:40.902305" elapsed="0.014439"/>
</kw>
<kw name="Scroll Element Into View" owner="SeleniumLibrary">
<arg>xpath=//span[contains(@class,'a-button-text') and @data-action='a-dropdown-button']</arg>
<doc>Scrolls the element identified by ``locator`` into view.</doc>
<status status="PASS" start="2025-10-15T14:45:40.916908" elapsed="2.369373"/>
</kw>
<kw name="Click Element" owner="SeleniumLibrary">
<msg time="2025-10-15T14:45:43.286655" level="INFO">Clicking element 'xpath=//span[contains(@class,'a-button-text') and @data-action='a-dropdown-button']'.</msg>
<arg>xpath=//span[contains(@class,'a-button-text') and @data-action='a-dropdown-button']</arg>
<doc>Click the element identified by ``locator``.</doc>
<status status="PASS" start="2025-10-15T14:45:43.286458" elapsed="0.077214"/>
</kw>
<kw name="Wait Until Element Is Visible" owner="SeleniumLibrary">
<arg>xpath=//a[contains(@class,'a-dropdown-link') and normalize-space(.)='${op}']</arg>
<arg>${DEFAULT_TIMEOUT}</arg>
<doc>Waits until the element ``locator`` is visible.</doc>
<status status="PASS" start="2025-10-15T14:45:43.363865" elapsed="0.053607"/>
</kw>
<kw name="Click Element" owner="SeleniumLibrary">
<msg time="2025-10-15T14:45:43.417856" level="INFO">Clicking element 'xpath=//a[contains(@class,'a-dropdown-link') and normalize-space(.)='Preço: Do menor para o maior']'.</msg>
<arg>xpath=//a[contains(@class,'a-dropdown-link') and normalize-space(.)='${op}']</arg>
<doc>Click the element identified by ``locator``.</doc>
<status status="PASS" start="2025-10-15T14:45:43.417631" elapsed="0.094167"/>
</kw>
<kw name="Wait Until Page Contains Element" owner="SeleniumLibrary">
<arg>${RESULT_CARD}</arg>
<arg>${DEFAULT_TIMEOUT}</arg>
<doc>Waits until the element ``locator`` appears on the current page.</doc>
<status status="PASS" start="2025-10-15T14:45:43.512050" elapsed="0.635758"/>
</kw>
<arg>Preço: Do menor para o maior</arg>
<status status="PASS" start="2025-10-15T14:45:40.901356" elapsed="3.246566"/>
</kw>
<kw name="Deve exibir resultados" owner="resource1">
<kw name="Wait Until Page Contains Element" owner="SeleniumLibrary">
<arg>${RESULT_CARD}</arg>
<arg>${DEFAULT_TIMEOUT}</arg>
<doc>Waits until the element ``locator`` appears on the current page.</doc>
<status status="PASS" start="2025-10-15T14:45:44.148413" elapsed="0.007227"/>
</kw>
<kw name="Page Should Contain Element" owner="SeleniumLibrary">
<msg time="2025-10-15T14:45:44.159879" level="INFO">Current page contains element 'css:div[data-component-type="s-search-result"]'.</msg>
<arg>${RESULT_CARD}</arg>
<doc>Verifies that element ``locator`` is found on the current page.</doc>
<status status="PASS" start="2025-10-15T14:45:44.155799" elapsed="0.004175"/>
</kw>
<status status="PASS" start="2025-10-15T14:45:44.148199" elapsed="0.011882"/>
</kw>
<kw name="Capture Page Screenshot" owner="SeleniumLibrary" type="TEARDOWN">
<msg time="2025-10-15T14:45:44.349044" level="INFO" html="true">&lt;/td&gt;&lt;/tr&gt;&lt;tr&gt;&lt;td colspan="3"&gt;&lt;a href="selenium-screenshot-59.png"&gt;&lt;img src="selenium-screenshot-59.png" width="800px"&gt;&lt;/a&gt;</msg>
<doc>Takes a screenshot of the current page and embeds it into a log file.</doc>
<status status="PASS" start="2025-10-15T14:45:44.160394" elapsed="0.188750"/>
</kw>
<tag>ordenacao</tag>
<status status="PASS" start="2025-10-15T14:45:39.161521" elapsed="5.187812"/>
</test>
<test id="s1-t5" name="Paginação de resultados (Monitor)" line="31">
<kw name="Pesquisar termo" owner="resource1">
<kw name="Wait Until Element Is Visible" owner="SeleniumLibrary">
<arg>${SEARCH_BOX}</arg>
<arg>${DEFAULT_TIMEOUT}</arg>
<doc>Waits until the element ``locator`` is visible.</doc>
<status status="PASS" start="2025-10-15T14:45:44.350429" elapsed="0.174753"/>
</kw>
<kw name="Clear Element Text" owner="SeleniumLibrary">
<arg>${SEARCH_BOX}</arg>
<doc>Clears the value of the text-input-element identified by ``locator``.</doc>
<status status="PASS" start="2025-10-15T14:45:44.525435" elapsed="0.031276"/>
</kw>
<kw name="Input Text" owner="SeleniumLibrary">
<msg time="2025-10-15T14:45:44.557129" level="INFO">Typing text 'Monitor' into text field 'id:twotabsearchtextbox'.</msg>
<arg>${SEARCH_BOX}</arg>
<arg>${termo}</arg>
<doc>Types the given ``text`` into the text field identified by ``locator``.</doc>
<status status="PASS" start="2025-10-15T14:45:44.556884" elapsed="0.059835"/>
</kw>
<kw name="Click Button" owner="SeleniumLibrary">
<msg time="2025-10-15T14:45:44.617087" level="INFO">Clicking button 'id:nav-search-submit-button'.</msg>
<arg>${SEARCH_SUBMIT}</arg>
<doc>Clicks the button identified by ``locator``.</doc>
<status status="PASS" start="2025-10-15T14:45:44.616886" elapsed="1.934332"/>
</kw>
<arg>Monitor</arg>
<status status="PASS" start="2025-10-15T14:45:44.350212" elapsed="2.201117"/>
</kw>
<kw name="Deve exibir resultados" owner="resource1">
<kw name="Wait Until Page Contains Element" owner="SeleniumLibrary">
<arg>${RESULT_CARD}</arg>
<arg>${DEFAULT_TIMEOUT}</arg>
<doc>Waits until the element ``locator`` appears on the current page.</doc>
<status status="PASS" start="2025-10-15T14:45:46.552142" elapsed="0.007001"/>
</kw>
<kw name="Page Should Contain Element" owner="SeleniumLibrary">
<msg time="2025-10-15T14:45:46.565032" level="INFO">Current page contains element 'css:div[data-component-type="s-search-result"]'.</msg>
<arg>${RESULT_CARD}</arg>
<doc>Verifies that element ``locator`` is found on the current page.</doc>
<status status="PASS" start="2025-10-15T14:45:46.559278" elapsed="0.005810"/>
</kw>
<status status="PASS" start="2025-10-15T14:45:46.551723" elapsed="0.013438"/>
</kw>
<kw name="Navegar para próxima página de resultados" owner="resource1">
<kw name="Wait Until Element Is Visible" owner="SeleniumLibrary">
<arg>${PAGINATION_NEXT}</arg>
<arg>${DEFAULT_TIMEOUT}</arg>
<doc>Waits until the element ``locator`` is visible.</doc>
<status status="PASS" start="2025-10-15T14:45:46.565620" elapsed="2.901443"/>
</kw>
<kw name="Scroll Element Into View" owner="SeleniumLibrary">
<arg>${PAGINATION_NEXT}</arg>
<doc>Scrolls the element identified by ``locator`` into view.</doc>
<status status="PASS" start="2025-10-15T14:45:49.467250" elapsed="0.334474"/>
</kw>
<kw name="Click Element" owner="SeleniumLibrary">
<msg time="2025-10-15T14:45:49.802100" level="INFO">Clicking element 'css:a.s-pagination-next'.</msg>
<arg>${PAGINATION_NEXT}</arg>
<doc>Click the element identified by ``locator``.</doc>
<status status="PASS" start="2025-10-15T14:45:49.801892" elapsed="0.095159"/>
</kw>
<kw name="Wait Until Page Contains Element" owner="SeleniumLibrary">
<arg>${RESULT_CARD}</arg>
<arg>${DEFAULT_TIMEOUT}</arg>
<doc>Waits until the element ``locator`` appears on the current page.</doc>
<status status="PASS" start="2025-10-15T14:45:49.897232" elapsed="0.465188"/>
</kw>
<status status="PASS" start="2025-10-15T14:45:46.565403" elapsed="3.797188"/>
</kw>
<kw name="Deve exibir resultados" owner="resource1">
<kw name="Wait Until Page Contains Element" owner="SeleniumLibrary">
<arg>${RESULT_CARD}</arg>
<arg>${DEFAULT_TIMEOUT}</arg>
<doc>Waits until the element ``locator`` appears on the current page.</doc>
<status status="PASS" start="2025-10-15T14:45:50.363340" elapsed="0.006968"/>
</kw>
<kw name="Page Should Contain Element" owner="SeleniumLibrary">
<msg time="2025-10-15T14:45:50.375058" level="INFO">Current page contains element 'css:div[data-component-type="s-search-result"]'.</msg>
<arg>${RESULT_CARD}</arg>
<doc>Verifies that element ``locator`` is found on the current page.</doc>
<status status="PASS" start="2025-10-15T14:45:50.370442" elapsed="0.004701"/>
</kw>
<status status="PASS" start="2025-10-15T14:45:50.363012" elapsed="0.012229"/>
</kw>
<kw name="Capture Page Screenshot" owner="SeleniumLibrary" type="TEARDOWN">
<msg time="2025-10-15T14:45:50.538344" level="INFO" html="true">&lt;/td&gt;&lt;/tr&gt;&lt;tr&gt;&lt;td colspan="3"&gt;&lt;a href="selenium-screenshot-60.png"&gt;&lt;img src="selenium-screenshot-60.png" width="800px"&gt;&lt;/a&gt;</msg>
<doc>Takes a screenshot of the current page and embeds it into a log file.</doc>
<status status="PASS" start="2025-10-15T14:45:50.375560" elapsed="0.162916"/>
</kw>
<tag>paginacao</tag>
<status status="PASS" start="2025-10-15T14:45:44.349845" elapsed="6.188852"/>
</test>
<kw name="Close All Browsers" owner="SeleniumLibrary" type="TEARDOWN">
<doc>Closes all open browsers and resets the browser cache.</doc>
<status status="PASS" start="2025-10-15T14:45:50.539552" elapsed="2.165560"/>
</kw>
<doc>Testes de busca e navegação na Amazon BR</doc>
<status status="PASS" start="2025-10-15T14:45:24.629453" elapsed="28.075756"/>
</suite>
<statistics>
<total>
<stat pass="5" fail="0" skip="0">All Tests</stat>
</total>
<tag>
<stat pass="2" fail="0" skip="0">busca</stat>
<stat pass="1" fail="0" skip="0">ordenacao</stat>
<stat pass="1" fail="0" skip="0">paginacao</stat>
<stat pass="1" fail="0" skip="0">smoke</stat>
</tag>
<suite>
<stat name="Test1" id="s1" pass="5" fail="0" skip="0">Test1</stat>
</suite>
</statistics>
<errors>
<msg time="2025-10-15T14:45:24.651302" level="ERROR">Error in file 'E:\Codigos - Fora Nuvem\labs-robot\resources\resource1.robot' on line 3: Setting 'Suite Teardown' is not allowed in resource file.</msg>
</errors>
</robot>
