<?xml version="1.0" encoding="UTF-8"?>
<robot generator="Robot 7.3.2 (Python 3.13.9 on win32)" generated="2025-10-15T10:38:14.713445" rpa="false" schemaversion="5">
<suite id="s1" name="Test1" source="E:\Codigos - Fora Nuvem\teste-robot\Amazon_tests\test1.robot">
<test id="s1-t1" name="Teste Exemplo" line="7">
<kw name="Acessar a pagina inicial do Amazon" owner="resource1">
<kw name="Open Browser" owner="SeleniumLibrary">
<msg time="2025-10-15T10:38:14.898460" level="INFO">Opening browser 'chrome' to base url 'https://www.amazon.com.br'.</msg>
<arg>${URL}</arg>
<arg>${BROWSER}</arg>
<doc>Opens a new browser instance to the optional ``url``.</doc>
<status status="PASS" start="2025-10-15T10:38:14.898276" elapsed="5.949525"/>
</kw>
<kw name="Maximize Browser Window" owner="SeleniumLibrary">
<doc>Maximizes current browser window.</doc>
<status status="PASS" start="2025-10-15T10:38:20.848033" elapsed="0.105042"/>
</kw>
<kw name="Wait Until Element Is Visible" owner="SeleniumLibrary">
<arg>id:twotabsearchtextbox</arg>
<arg>10s</arg>
<doc>Waits until the element ``locator`` is visible.</doc>
<status status="PASS" start="2025-10-15T10:38:20.953264" elapsed="0.025741"/>
</kw>
<status status="PASS" start="2025-10-15T10:38:14.897746" elapsed="6.081378"/>
</kw>
<kw name="Pesquisar por Celulares" owner="resource1">
<kw name="Input Text" owner="SeleniumLibrary">
<msg time="2025-10-15T10:38:20.979834" level="INFO">Typing text 'Celulares' into text field 'id:twotabsearchtextbox'.</msg>
<arg>id:twotabsearchtextbox</arg>
<arg>Celulares</arg>
<doc>Types the given ``text`` into the text field identified by ``locator``.</doc>
<status status="PASS" start="2025-10-15T10:38:20.979678" elapsed="0.126765"/>
</kw>
<kw name="Click Button" owner="SeleniumLibrary">
<msg time="2025-10-15T10:38:21.106886" level="INFO">Clicking button 'id:nav-search-submit-button'.</msg>
<arg>id:nav-search-submit-button</arg>
<doc>Clicks the button identified by ``locator``.</doc>
<status status="PASS" start="2025-10-15T10:38:21.106662" elapsed="4.765394"/>
</kw>
<status status="PASS" start="2025-10-15T10:38:20.979438" elapsed="4.892762"/>
</kw>
<kw name="Validar o resultado" owner="resource1">
<kw name="Wait Until Page Contains Element" owner="SeleniumLibrary">
<arg>css:[data-component-type="s-search-result"]</arg>
<arg>10s</arg>
<doc>Waits until the element ``locator`` appears on the current page.</doc>
<status status="PASS" start="2025-10-15T10:38:25.872810" elapsed="0.010440"/>
</kw>
<kw name="Page Should Contain Element" owner="SeleniumLibrary">
<msg time="2025-10-15T10:38:25.890699" level="INFO">Current page contains element 'css:[data-component-type="s-search-result"]'.</msg>
<arg>css:[data-component-type="s-search-result"]</arg>
<doc>Verifies that element ``locator`` is found on the current page.</doc>
<status status="PASS" start="2025-10-15T10:38:25.883413" elapsed="0.007387"/>
</kw>
<status status="PASS" start="2025-10-15T10:38:25.872538" elapsed="0.018352"/>
</kw>
<status status="PASS" start="2025-10-15T10:38:14.897200" elapsed="10.993913"/>
</test>
<doc>Teste Exemplo</doc>
<status status="PASS" start="2025-10-15T10:38:14.714547" elapsed="11.177174"/>
</suite>
<statistics>
<total>
<stat pass="1" fail="0" skip="0">All Tests</stat>
</total>
<tag>
</tag>
<suite>
<stat name="Test1" id="s1" pass="1" fail="0" skip="0">Test1</stat>
</suite>
</statistics>
<errors>
</errors>
</robot>
